2025-05-23 20:15:36.233 [kafka-producer-network-thread | producer-1] INFO  com.tahakamil.kafka.logaggregator.publisher.impl.KafkaLogPublisher - Log message Sent to topic: logs -- message: [payment] 2025-05-23T19:15:36.175001Z [ERROR] (inventory) Eos voluptatibus vitae. -- (partition=2, offset=41)
2025-05-23 20:15:36.236 [kafka-producer-network-thread | producer-1] INFO  com.tahakamil.kafka.logaggregator.publisher.impl.KafkaLogPublisher - Log message Sent to topic: logs -- message: [order] 2025-05-23T19:15:36.177250Z [INFO] (inventory) Totam cum ut impedit est velit. -- (partition=2, offset=42)
2025-05-23 20:15:36.237 [kafka-producer-network-thread | producer-1] INFO  com.tahakamil.kafka.logaggregator.publisher.impl.KafkaLogPublisher - Log message Sent to topic: logs -- message: [auth] 2025-05-23T19:15:35.796786Z [INFO] (auth) Ex blanditiis ipsum. -- (partition=1, offset=4)
2025-05-23 20:15:36.237 [kafka-producer-network-thread | producer-1] INFO  com.tahakamil.kafka.logaggregator.publisher.impl.KafkaLogPublisher - Log message Sent to topic: logs -- message: [auth] 2025-05-23T19:15:36.176812Z [DEBUG] (payment) In asperiores delectus in. -- (partition=1, offset=5)
2025-05-23 20:15:36.237 [kafka-producer-network-thread | producer-1] INFO  com.tahakamil.kafka.logaggregator.publisher.impl.KafkaLogPublisher - Log message Sent to topic: logs -- message: [inventory] 2025-05-23T19:15:36.177090Z [WARN] (payment) Doloremque dicta sed et aut. -- (partition=1, offset=6)
2025-05-23 20:48:35.046 [kafka-producer-network-thread | producer-1] INFO  com.tahakamil.kafka.logaggregator.publisher.impl.KafkaLogPublisher - Log message Sent to topic: logs -- message: [order] 2025-05-23T20:48:34.578430 [DEBUG] (order) Architecto qui quibusdam sed. -- (partition=2, offset=43)
2025-05-23 20:48:35.048 [kafka-producer-network-thread | producer-1] INFO  com.tahakamil.kafka.logaggregator.publisher.impl.KafkaLogPublisher - Log message Sent to topic: logs -- message: [order] 2025-05-23T20:48:34.980121 [INFO] (order) Officia voluptate ut deserunt architecto occaecati recusandae. -- (partition=2, offset=44)
2025-05-23 20:48:35.049 [kafka-producer-network-thread | producer-1] INFO  com.tahakamil.kafka.logaggregator.publisher.impl.KafkaLogPublisher - Log message Sent to topic: logs -- message: [auth] 2025-05-23T20:48:34.978450 [WARN] (auth) Nam nihil et non ipsum perferendis. -- (partition=1, offset=7)
2025-05-23 20:48:35.049 [kafka-producer-network-thread | producer-1] INFO  com.tahakamil.kafka.logaggregator.publisher.impl.KafkaLogPublisher - Log message Sent to topic: logs -- message: [auth] 2025-05-23T20:48:34.979973 [WARN] (auth) Fugit voluptas reprehenderit. -- (partition=1, offset=8)
2025-05-23 20:48:35.049 [kafka-producer-network-thread | producer-1] INFO  com.tahakamil.kafka.logaggregator.publisher.impl.KafkaLogPublisher - Log message Sent to topic: logs -- message: [auth] 2025-05-23T20:48:34.980461 [ERROR] (auth) Ut aspernatur voluptatem consectetur. -- (partition=1, offset=9)
2025-05-23 21:04:34.047 [main] DEBUG com.tahakamil.kafka.logaggregator.service.LogService - Published event #0: LogEvent(timestamp=2025-05-23T21:04:33.620489, service=payment, level=WARN, message=Commodi distinctio adipisci blanditiis.)
2025-05-23 21:04:34.071 [main] DEBUG com.tahakamil.kafka.logaggregator.service.LogService - Published event #1: LogEvent(timestamp=2025-05-23T21:04:34.070104, service=payment, level=DEBUG, message=Dolor voluptas a dolore ut.)
2025-05-23 21:04:34.072 [main] DEBUG com.tahakamil.kafka.logaggregator.service.LogService - Published event #2: LogEvent(timestamp=2025-05-23T21:04:34.072632, service=order, level=INFO, message=Nisi optio quibusdam rerum accusamus ut doloribus quaerat.)
2025-05-23 21:04:34.083 [main] DEBUG com.tahakamil.kafka.logaggregator.service.LogService - Published event #3: LogEvent(timestamp=2025-05-23T21:04:34.073105, service=auth, level=DEBUG, message=Qui et velit rem.)
2025-05-23 21:04:34.084 [main] DEBUG com.tahakamil.kafka.logaggregator.service.LogService - Published event #4: LogEvent(timestamp=2025-05-23T21:04:34.083582, service=order, level=DEBUG, message=Ad eligendi ipsam et minus nesciunt quia.)
2025-05-23 21:04:34.085 [main] DEBUG com.tahakamil.kafka.logaggregator.service.LogService - Published event #5: LogEvent(timestamp=2025-05-23T21:04:34.084918, service=inventory, level=WARN, message=Et veniam laboriosam molestiae non.)
2025-05-23 21:04:34.085 [main] DEBUG com.tahakamil.kafka.logaggregator.service.LogService - Published event #6: LogEvent(timestamp=2025-05-23T21:04:34.085477, service=inventory, level=DEBUG, message=Sunt ut neque.)
2025-05-23 21:04:34.086 [main] DEBUG com.tahakamil.kafka.logaggregator.service.LogService - Published event #7: LogEvent(timestamp=2025-05-23T21:04:34.085899, service=inventory, level=INFO, message=Occaecati fugiat laborum.)
2025-05-23 21:04:34.086 [main] DEBUG com.tahakamil.kafka.logaggregator.service.LogService - Published event #8: LogEvent(timestamp=2025-05-23T21:04:34.086355, service=inventory, level=INFO, message=Est molestiae et esse iusto vel.)
2025-05-23 21:04:34.086 [main] DEBUG com.tahakamil.kafka.logaggregator.service.LogService - Published event #9: LogEvent(timestamp=2025-05-23T21:04:34.086585, service=inventory, level=DEBUG, message=Quo consequatur ex porro voluptate quia ea et.)
2025-05-23 21:04:34.087 [main] DEBUG com.tahakamil.kafka.logaggregator.service.LogService - Published event #10: LogEvent(timestamp=2025-05-23T21:04:34.086837, service=auth, level=ERROR, message=Eos sed vel et voluptatem eos atque pariatur.)
2025-05-23 21:04:34.087 [main] DEBUG com.tahakamil.kafka.logaggregator.service.LogService - Published event #11: LogEvent(timestamp=2025-05-23T21:04:34.087257, service=payment, level=WARN, message=Aperiam qui et et maxime vitae.)
2025-05-23 21:04:34.087 [main] DEBUG com.tahakamil.kafka.logaggregator.service.LogService - Published event #12: LogEvent(timestamp=2025-05-23T21:04:34.087504, service=inventory, level=WARN, message=Doloribus voluptatem sapiente autem quis et.)
2025-05-23 21:04:34.088 [main] DEBUG com.tahakamil.kafka.logaggregator.service.LogService - Published event #13: LogEvent(timestamp=2025-05-23T21:04:34.088102, service=payment, level=INFO, message=Possimus quam porro excepturi et dignissimos officiis delectus.)
2025-05-23 21:04:34.089 [main] DEBUG com.tahakamil.kafka.logaggregator.service.LogService - Published event #14: LogEvent(timestamp=2025-05-23T21:04:34.088492, service=order, level=WARN, message=Sit amet ullam suscipit minima consequuntur et.)
2025-05-23 21:04:34.091 [main] DEBUG com.tahakamil.kafka.logaggregator.service.LogService - Published event #15: LogEvent(timestamp=2025-05-23T21:04:34.089940, service=payment, level=WARN, message=Et vero itaque beatae aut est.)
2025-05-23 21:04:34.091 [main] DEBUG com.tahakamil.kafka.logaggregator.service.LogService - Published event #16: LogEvent(timestamp=2025-05-23T21:04:34.091207, service=auth, level=WARN, message=Et et soluta.)
2025-05-23 21:04:34.093 [main] DEBUG com.tahakamil.kafka.logaggregator.service.LogService - Published event #17: LogEvent(timestamp=2025-05-23T21:04:34.092096, service=inventory, level=DEBUG, message=Et eius consequatur ipsa aspernatur et.)
2025-05-23 21:04:34.094 [main] DEBUG com.tahakamil.kafka.logaggregator.service.LogService - Published event #18: LogEvent(timestamp=2025-05-23T21:04:34.093462, service=payment, level=DEBUG, message=Ullam eos voluptatem voluptatem.)
2025-05-23 21:04:34.095 [main] DEBUG com.tahakamil.kafka.logaggregator.service.LogService - Published event #19: LogEvent(timestamp=2025-05-23T21:04:34.094920, service=order, level=INFO, message=A ipsam quam omnis non maxime.)
2025-05-23 21:04:34.099 [main] DEBUG com.tahakamil.kafka.logaggregator.service.LogService - Published event #20: LogEvent(timestamp=2025-05-23T21:04:34.097536, service=inventory, level=DEBUG, message=Qui et fugit perferendis blanditiis nam.)
2025-05-23 21:04:34.102 [main] DEBUG com.tahakamil.kafka.logaggregator.service.LogService - Published event #21: LogEvent(timestamp=2025-05-23T21:04:34.100202, service=order, level=INFO, message=Et mollitia dolorum suscipit dolor fugiat quia.)
2025-05-23 21:04:34.102 [main] DEBUG com.tahakamil.kafka.logaggregator.service.LogService - Published event #22: LogEvent(timestamp=2025-05-23T21:04:34.102539, service=inventory, level=WARN, message=Inventore commodi dolores et nihil ea eum.)
2025-05-23 21:04:34.103 [main] DEBUG com.tahakamil.kafka.logaggregator.service.LogService - Published event #23: LogEvent(timestamp=2025-05-23T21:04:34.102884, service=auth, level=DEBUG, message=Consequatur sit eum.)
2025-05-23 21:04:34.104 [main] DEBUG com.tahakamil.kafka.logaggregator.service.LogService - Published event #24: LogEvent(timestamp=2025-05-23T21:04:34.103675, service=order, level=INFO, message=Corrupti dolores accusantium deleniti.)
2025-05-23 21:04:34.106 [main] DEBUG com.tahakamil.kafka.logaggregator.service.LogService - Published event #25: LogEvent(timestamp=2025-05-23T21:04:34.105124, service=inventory, level=WARN, message=Dolore nam quo ipsam labore eum sapiente.)
2025-05-23 21:04:34.106 [main] DEBUG com.tahakamil.kafka.logaggregator.service.LogService - Published event #26: LogEvent(timestamp=2025-05-23T21:04:34.106463, service=payment, level=ERROR, message=Mollitia occaecati ea qui itaque rerum quos animi.)
2025-05-23 21:04:34.106 [main] DEBUG com.tahakamil.kafka.logaggregator.service.LogService - Published event #27: LogEvent(timestamp=2025-05-23T21:04:34.106755, service=inventory, level=ERROR, message=Exercitationem nulla fugit.)
2025-05-23 21:04:34.107 [main] DEBUG com.tahakamil.kafka.logaggregator.service.LogService - Published event #28: LogEvent(timestamp=2025-05-23T21:04:34.106990, service=auth, level=DEBUG, message=Nam nostrum aut alias quia.)
2025-05-23 21:04:34.108 [main] DEBUG com.tahakamil.kafka.logaggregator.service.LogService - Published event #29: LogEvent(timestamp=2025-05-23T21:04:34.107393, service=payment, level=ERROR, message=Est cupiditate aut quia.)
2025-05-23 21:04:34.110 [main] DEBUG com.tahakamil.kafka.logaggregator.service.LogService - Published event #30: LogEvent(timestamp=2025-05-23T21:04:34.109026, service=auth, level=WARN, message=Veniam perspiciatis dignissimos itaque qui hic exercitationem magni.)
2025-05-23 21:04:34.111 [main] DEBUG com.tahakamil.kafka.logaggregator.service.LogService - Published event #31: LogEvent(timestamp=2025-05-23T21:04:34.111235, service=payment, level=INFO, message=Et tempore vitae illo voluptatem explicabo consequatur eum.)
2025-05-23 21:04:34.112 [main] DEBUG com.tahakamil.kafka.logaggregator.service.LogService - Published event #32: LogEvent(timestamp=2025-05-23T21:04:34.112057, service=order, level=WARN, message=Expedita in rem necessitatibus quisquam debitis enim.)
2025-05-23 21:04:34.112 [main] DEBUG com.tahakamil.kafka.logaggregator.service.LogService - Published event #33: LogEvent(timestamp=2025-05-23T21:04:34.112344, service=auth, level=WARN, message=Neque error autem quasi in et ad.)
2025-05-23 21:04:34.112 [main] DEBUG com.tahakamil.kafka.logaggregator.service.LogService - Published event #34: LogEvent(timestamp=2025-05-23T21:04:34.112525, service=inventory, level=WARN, message=In non hic quia sunt aut voluptates.)
2025-05-23 21:04:34.114 [main] DEBUG com.tahakamil.kafka.logaggregator.service.LogService - Published event #35: LogEvent(timestamp=2025-05-23T21:04:34.113513, service=order, level=ERROR, message=Qui earum ab.)
2025-05-23 21:04:34.114 [main] DEBUG com.tahakamil.kafka.logaggregator.service.LogService - Published event #36: LogEvent(timestamp=2025-05-23T21:04:34.114459, service=auth, level=DEBUG, message=Autem voluptas repellendus omnis.)
2025-05-23 21:04:34.114 [main] DEBUG com.tahakamil.kafka.logaggregator.service.LogService - Published event #37: LogEvent(timestamp=2025-05-23T21:04:34.114703, service=payment, level=WARN, message=Dolores quisquam sint non minima animi suscipit quaerat.)
2025-05-23 21:04:34.115 [main] DEBUG com.tahakamil.kafka.logaggregator.service.LogService - Published event #38: LogEvent(timestamp=2025-05-23T21:04:34.114897, service=payment, level=ERROR, message=Pariatur asperiores corrupti quisquam voluptatibus.)
2025-05-23 21:04:34.115 [main] DEBUG com.tahakamil.kafka.logaggregator.service.LogService - Published event #39: LogEvent(timestamp=2025-05-23T21:04:34.115136, service=auth, level=INFO, message=Quis similique quia dignissimos aspernatur vel modi quam.)
2025-05-23 21:04:34.115 [main] DEBUG com.tahakamil.kafka.logaggregator.service.LogService - Published event #40: LogEvent(timestamp=2025-05-23T21:04:34.115343, service=auth, level=INFO, message=Natus nobis delectus id expedita occaecati aut commodi.)
2025-05-23 21:04:34.115 [main] DEBUG com.tahakamil.kafka.logaggregator.service.LogService - Published event #41: LogEvent(timestamp=2025-05-23T21:04:34.115522, service=order, level=INFO, message=Nisi optio omnis praesentium corrupti pariatur.)
2025-05-23 21:04:34.115 [main] DEBUG com.tahakamil.kafka.logaggregator.service.LogService - Published event #42: LogEvent(timestamp=2025-05-23T21:04:34.115700, service=order, level=INFO, message=Cupiditate non soluta porro similique iure quibusdam.)
2025-05-23 21:04:34.117 [main] DEBUG com.tahakamil.kafka.logaggregator.service.LogService - Published event #43: LogEvent(timestamp=2025-05-23T21:04:34.116090, service=auth, level=ERROR, message=Vero ipsum architecto excepturi accusantium.)
2025-05-23 21:04:34.118 [kafka-producer-network-thread | producer-1] INFO  com.tahakamil.kafka.logaggregator.publisher.impl.KafkaLogPublisher - Log message Sent to topic: logs -- message: [payment] 2025-05-23T21:04:33.620489 [WARN] (payment) Commodi distinctio adipisci blanditiis. -- (partition=2, offset=45)
2025-05-23 21:04:34.123 [main] DEBUG com.tahakamil.kafka.logaggregator.service.LogService - Published event #44: LogEvent(timestamp=2025-05-23T21:04:34.120066, service=inventory, level=INFO, message=Ratione saepe fugit voluptate et harum molestias.)
2025-05-23 21:04:34.123 [kafka-producer-network-thread | producer-1] INFO  com.tahakamil.kafka.logaggregator.publisher.impl.KafkaLogPublisher - Log message Sent to topic: logs -- message: [payment] 2025-05-23T21:04:34.070104 [DEBUG] (payment) Dolor voluptas a dolore ut. -- (partition=2, offset=46)
2025-05-23 21:04:34.123 [kafka-producer-network-thread | producer-1] INFO  com.tahakamil.kafka.logaggregator.publisher.impl.KafkaLogPublisher - Log message Sent to topic: logs -- message: [order] 2025-05-23T21:04:34.072632 [INFO] (order) Nisi optio quibusdam rerum accusamus ut doloribus quaerat. -- (partition=2, offset=47)
2025-05-23 21:04:34.124 [kafka-producer-network-thread | producer-1] INFO  com.tahakamil.kafka.logaggregator.publisher.impl.KafkaLogPublisher - Log message Sent to topic: logs -- message: [auth] 2025-05-23T21:04:34.073105 [DEBUG] (auth) Qui et velit rem. -- (partition=1, offset=10)
2025-05-23 21:04:34.124 [kafka-producer-network-thread | producer-1] INFO  com.tahakamil.kafka.logaggregator.publisher.impl.KafkaLogPublisher - Log message Sent to topic: logs -- message: [inventory] 2025-05-23T21:04:34.084918 [WARN] (inventory) Et veniam laboriosam molestiae non. -- (partition=1, offset=11)
2025-05-23 21:04:34.124 [kafka-producer-network-thread | producer-1] INFO  com.tahakamil.kafka.logaggregator.publisher.impl.KafkaLogPublisher - Log message Sent to topic: logs -- message: [inventory] 2025-05-23T21:04:34.085477 [DEBUG] (inventory) Sunt ut neque. -- (partition=1, offset=12)
2025-05-23 21:04:34.124 [kafka-producer-network-thread | producer-1] INFO  com.tahakamil.kafka.logaggregator.publisher.impl.KafkaLogPublisher - Log message Sent to topic: logs -- message: [inventory] 2025-05-23T21:04:34.085899 [INFO] (inventory) Occaecati fugiat laborum. -- (partition=1, offset=13)
2025-05-23 21:04:34.124 [kafka-producer-network-thread | producer-1] INFO  com.tahakamil.kafka.logaggregator.publisher.impl.KafkaLogPublisher - Log message Sent to topic: logs -- message: [inventory] 2025-05-23T21:04:34.086355 [INFO] (inventory) Est molestiae et esse iusto vel. -- (partition=1, offset=14)
2025-05-23 21:04:34.124 [kafka-producer-network-thread | producer-1] INFO  com.tahakamil.kafka.logaggregator.publisher.impl.KafkaLogPublisher - Log message Sent to topic: logs -- message: [inventory] 2025-05-23T21:04:34.086585 [DEBUG] (inventory) Quo consequatur ex porro voluptate quia ea et. -- (partition=1, offset=15)
2025-05-23 21:04:34.124 [kafka-producer-network-thread | producer-1] INFO  com.tahakamil.kafka.logaggregator.publisher.impl.KafkaLogPublisher - Log message Sent to topic: logs -- message: [auth] 2025-05-23T21:04:34.086837 [ERROR] (auth) Eos sed vel et voluptatem eos atque pariatur. -- (partition=1, offset=16)
2025-05-23 21:04:34.124 [kafka-producer-network-thread | producer-1] INFO  com.tahakamil.kafka.logaggregator.publisher.impl.KafkaLogPublisher - Log message Sent to topic: logs -- message: [inventory] 2025-05-23T21:04:34.087504 [WARN] (inventory) Doloribus voluptatem sapiente autem quis et. -- (partition=1, offset=17)
2025-05-23 21:04:34.126 [main] DEBUG com.tahakamil.kafka.logaggregator.service.LogService - Published event #45: LogEvent(timestamp=2025-05-23T21:04:34.123329, service=order, level=INFO, message=Eum ex perspiciatis nostrum ut.)
2025-05-23 21:04:34.129 [main] DEBUG com.tahakamil.kafka.logaggregator.service.LogService - Published event #46: LogEvent(timestamp=2025-05-23T21:04:34.128034, service=payment, level=DEBUG, message=Ex ea quo commodi veritatis qui repudiandae.)
2025-05-23 21:04:34.129 [kafka-producer-network-thread | producer-1] INFO  com.tahakamil.kafka.logaggregator.publisher.impl.KafkaLogPublisher - Log message Sent to topic: logs -- message: [order] 2025-05-23T21:04:34.083582 [DEBUG] (order) Ad eligendi ipsam et minus nesciunt quia. -- (partition=2, offset=48)
2025-05-23 21:04:34.130 [main] DEBUG com.tahakamil.kafka.logaggregator.service.LogService - Published event #47: LogEvent(timestamp=2025-05-23T21:04:34.129817, service=order, level=WARN, message=Rerum amet quibusdam.)
2025-05-23 21:04:34.130 [kafka-producer-network-thread | producer-1] INFO  com.tahakamil.kafka.logaggregator.publisher.impl.KafkaLogPublisher - Log message Sent to topic: logs -- message: [payment] 2025-05-23T21:04:34.087257 [WARN] (payment) Aperiam qui et et maxime vitae. -- (partition=2, offset=49)
2025-05-23 21:04:34.133 [kafka-producer-network-thread | producer-1] INFO  com.tahakamil.kafka.logaggregator.publisher.impl.KafkaLogPublisher - Log message Sent to topic: logs -- message: [payment] 2025-05-23T21:04:34.088102 [INFO] (payment) Possimus quam porro excepturi et dignissimos officiis delectus. -- (partition=2, offset=50)
2025-05-23 21:04:34.133 [main] DEBUG com.tahakamil.kafka.logaggregator.service.LogService - Published event #48: LogEvent(timestamp=2025-05-23T21:04:34.133756, service=inventory, level=INFO, message=Non doloremque et ex similique.)
2025-05-23 21:04:34.134 [kafka-producer-network-thread | producer-1] INFO  com.tahakamil.kafka.logaggregator.publisher.impl.KafkaLogPublisher - Log message Sent to topic: logs -- message: [order] 2025-05-23T21:04:34.088492 [WARN] (order) Sit amet ullam suscipit minima consequuntur et. -- (partition=2, offset=51)
2025-05-23 21:04:34.134 [kafka-producer-network-thread | producer-1] INFO  com.tahakamil.kafka.logaggregator.publisher.impl.KafkaLogPublisher - Log message Sent to topic: logs -- message: [payment] 2025-05-23T21:04:34.089940 [WARN] (payment) Et vero itaque beatae aut est. -- (partition=2, offset=52)
2025-05-23 21:04:34.134 [kafka-producer-network-thread | producer-1] INFO  com.tahakamil.kafka.logaggregator.publisher.impl.KafkaLogPublisher - Log message Sent to topic: logs -- message: [payment] 2025-05-23T21:04:34.093462 [DEBUG] (payment) Ullam eos voluptatem voluptatem. -- (partition=2, offset=53)
2025-05-23 21:04:34.134 [kafka-producer-network-thread | producer-1] INFO  com.tahakamil.kafka.logaggregator.publisher.impl.KafkaLogPublisher - Log message Sent to topic: logs -- message: [order] 2025-05-23T21:04:34.094920 [INFO] (order) A ipsam quam omnis non maxime. -- (partition=2, offset=54)
2025-05-23 21:04:34.134 [main] DEBUG com.tahakamil.kafka.logaggregator.service.LogService - Published event #49: LogEvent(timestamp=2025-05-23T21:04:34.134346, service=order, level=DEBUG, message=Dolores iure unde quasi ad.)
2025-05-23 21:04:34.134 [kafka-producer-network-thread | producer-1] INFO  com.tahakamil.kafka.logaggregator.publisher.impl.KafkaLogPublisher - Log message Sent to topic: logs -- message: [auth] 2025-05-23T21:04:34.091207 [WARN] (auth) Et et soluta. -- (partition=1, offset=18)
2025-05-23 21:04:34.135 [main] DEBUG com.tahakamil.kafka.logaggregator.service.LogService - Published event #50: LogEvent(timestamp=2025-05-23T21:04:34.135324, service=auth, level=DEBUG, message=Velit eum inventore.)
2025-05-23 21:04:34.135 [kafka-producer-network-thread | producer-1] INFO  com.tahakamil.kafka.logaggregator.publisher.impl.KafkaLogPublisher - Log message Sent to topic: logs -- message: [inventory] 2025-05-23T21:04:34.092096 [DEBUG] (inventory) Et eius consequatur ipsa aspernatur et. -- (partition=1, offset=19)
2025-05-23 21:04:34.136 [kafka-producer-network-thread | producer-1] INFO  com.tahakamil.kafka.logaggregator.publisher.impl.KafkaLogPublisher - Log message Sent to topic: logs -- message: [inventory] 2025-05-23T21:04:34.097536 [DEBUG] (inventory) Qui et fugit perferendis blanditiis nam. -- (partition=1, offset=20)
2025-05-23 21:04:34.136 [main] DEBUG com.tahakamil.kafka.logaggregator.service.LogService - Published event #51: LogEvent(timestamp=2025-05-23T21:04:34.136093, service=auth, level=WARN, message=Dolorem fugiat libero in sunt.)
2025-05-23 21:04:34.136 [main] DEBUG com.tahakamil.kafka.logaggregator.service.LogService - Published event #52: LogEvent(timestamp=2025-05-23T21:04:34.136325, service=auth, level=WARN, message=Voluptatem suscipit ut sed adipisci in veniam quis.)
2025-05-23 21:04:34.136 [main] DEBUG com.tahakamil.kafka.logaggregator.service.LogService - Published event #53: LogEvent(timestamp=2025-05-23T21:04:34.136548, service=auth, level=INFO, message=Animi consequuntur qui est.)
2025-05-23 21:04:34.136 [main] DEBUG com.tahakamil.kafka.logaggregator.service.LogService - Published event #54: LogEvent(timestamp=2025-05-23T21:04:34.136696, service=payment, level=DEBUG, message=Iure nulla ad enim.)
2025-05-23 21:04:34.137 [main] DEBUG com.tahakamil.kafka.logaggregator.service.LogService - Published event #55: LogEvent(timestamp=2025-05-23T21:04:34.137010, service=inventory, level=DEBUG, message=Omnis mollitia officiis sint officia doloribus dolorum.)
2025-05-23 21:04:34.137 [kafka-producer-network-thread | producer-1] INFO  com.tahakamil.kafka.logaggregator.publisher.impl.KafkaLogPublisher - Log message Sent to topic: logs -- message: [order] 2025-05-23T21:04:34.100202 [INFO] (order) Et mollitia dolorum suscipit dolor fugiat quia. -- (partition=2, offset=55)
2025-05-23 21:04:34.139 [main] DEBUG com.tahakamil.kafka.logaggregator.service.LogService - Published event #56: LogEvent(timestamp=2025-05-23T21:04:34.138649, service=order, level=DEBUG, message=Illo dolorem reiciendis sit nihil similique qui.)
2025-05-23 21:04:34.140 [main] DEBUG com.tahakamil.kafka.logaggregator.service.LogService - Published event #57: LogEvent(timestamp=2025-05-23T21:04:34.140447, service=order, level=INFO, message=Nihil deleniti et dolorum qui sed repudiandae quis.)
2025-05-23 21:04:34.140 [kafka-producer-network-thread | producer-1] INFO  com.tahakamil.kafka.logaggregator.publisher.impl.KafkaLogPublisher - Log message Sent to topic: logs -- message: [inventory] 2025-05-23T21:04:34.102539 [WARN] (inventory) Inventore commodi dolores et nihil ea eum. -- (partition=1, offset=21)
2025-05-23 21:04:34.141 [main] DEBUG com.tahakamil.kafka.logaggregator.service.LogService - Published event #58: LogEvent(timestamp=2025-05-23T21:04:34.141239, service=auth, level=INFO, message=Expedita reprehenderit ut ipsam.)
2025-05-23 21:04:34.143 [kafka-producer-network-thread | producer-1] INFO  com.tahakamil.kafka.logaggregator.publisher.impl.KafkaLogPublisher - Log message Sent to topic: logs -- message: [order] 2025-05-23T21:04:34.103675 [INFO] (order) Corrupti dolores accusantium deleniti. -- (partition=2, offset=56)
2025-05-23 21:04:34.143 [kafka-producer-network-thread | producer-1] INFO  com.tahakamil.kafka.logaggregator.publisher.impl.KafkaLogPublisher - Log message Sent to topic: logs -- message: [auth] 2025-05-23T21:04:34.102884 [DEBUG] (auth) Consequatur sit eum. -- (partition=1, offset=22)
2025-05-23 21:04:34.143 [main] DEBUG com.tahakamil.kafka.logaggregator.service.LogService - Published event #59: LogEvent(timestamp=2025-05-23T21:04:34.143447, service=inventory, level=INFO, message=Voluptatem quaerat magnam possimus aut enim ut.)
2025-05-23 21:04:34.144 [main] DEBUG com.tahakamil.kafka.logaggregator.service.LogService - Published event #60: LogEvent(timestamp=2025-05-23T21:04:34.143904, service=inventory, level=INFO, message=Modi est alias eveniet qui doloremque aliquam.)
2025-05-23 21:04:34.144 [main] DEBUG com.tahakamil.kafka.logaggregator.service.LogService - Published event #61: LogEvent(timestamp=2025-05-23T21:04:34.144362, service=order, level=DEBUG, message=Est error quis alias veniam distinctio harum velit.)
2025-05-23 21:04:34.144 [main] DEBUG com.tahakamil.kafka.logaggregator.service.LogService - Published event #62: LogEvent(timestamp=2025-05-23T21:04:34.144668, service=order, level=INFO, message=Fuga minima eos voluptates animi enim.)
2025-05-23 21:04:34.145 [main] DEBUG com.tahakamil.kafka.logaggregator.service.LogService - Published event #63: LogEvent(timestamp=2025-05-23T21:04:34.144871, service=order, level=ERROR, message=Quia ab repellendus qui voluptas consequuntur in non.)
2025-05-23 21:04:34.146 [kafka-producer-network-thread | producer-1] INFO  com.tahakamil.kafka.logaggregator.publisher.impl.KafkaLogPublisher - Log message Sent to topic: logs -- message: [payment] 2025-05-23T21:04:34.106463 [ERROR] (payment) Mollitia occaecati ea qui itaque rerum quos animi. -- (partition=2, offset=57)
2025-05-23 21:04:34.146 [kafka-producer-network-thread | producer-1] INFO  com.tahakamil.kafka.logaggregator.publisher.impl.KafkaLogPublisher - Log message Sent to topic: logs -- message: [payment] 2025-05-23T21:04:34.107393 [ERROR] (payment) Est cupiditate aut quia. -- (partition=2, offset=58)
2025-05-23 21:04:34.146 [kafka-producer-network-thread | producer-1] INFO  com.tahakamil.kafka.logaggregator.publisher.impl.KafkaLogPublisher - Log message Sent to topic: logs -- message: [payment] 2025-05-23T21:04:34.111235 [INFO] (payment) Et tempore vitae illo voluptatem explicabo consequatur eum. -- (partition=2, offset=59)
2025-05-23 21:04:34.147 [kafka-producer-network-thread | producer-1] INFO  com.tahakamil.kafka.logaggregator.publisher.impl.KafkaLogPublisher - Log message Sent to topic: logs -- message: [order] 2025-05-23T21:04:34.112057 [WARN] (order) Expedita in rem necessitatibus quisquam debitis enim. -- (partition=2, offset=60)
2025-05-23 21:04:34.147 [kafka-producer-network-thread | producer-1] INFO  com.tahakamil.kafka.logaggregator.publisher.impl.KafkaLogPublisher - Log message Sent to topic: logs -- message: [order] 2025-05-23T21:04:34.113513 [ERROR] (order) Qui earum ab. -- (partition=2, offset=61)
2025-05-23 21:04:34.148 [kafka-producer-network-thread | producer-1] INFO  com.tahakamil.kafka.logaggregator.publisher.impl.KafkaLogPublisher - Log message Sent to topic: logs -- message: [payment] 2025-05-23T21:04:34.114703 [WARN] (payment) Dolores quisquam sint non minima animi suscipit quaerat. -- (partition=2, offset=62)
2025-05-23 21:04:34.148 [main] DEBUG com.tahakamil.kafka.logaggregator.service.LogService - Published event #64: LogEvent(timestamp=2025-05-23T21:04:34.145459, service=order, level=INFO, message=Aperiam quisquam quisquam vitae qui non.)
2025-05-23 21:04:34.149 [main] DEBUG com.tahakamil.kafka.logaggregator.service.LogService - Published event #65: LogEvent(timestamp=2025-05-23T21:04:34.148913, service=auth, level=WARN, message=Voluptatum fugiat consequatur et odio.)
2025-05-23 21:04:34.148 [kafka-producer-network-thread | producer-1] INFO  com.tahakamil.kafka.logaggregator.publisher.impl.KafkaLogPublisher - Log message Sent to topic: logs -- message: [payment] 2025-05-23T21:04:34.114897 [ERROR] (payment) Pariatur asperiores corrupti quisquam voluptatibus. -- (partition=2, offset=63)
2025-05-23 21:04:34.151 [kafka-producer-network-thread | producer-1] INFO  com.tahakamil.kafka.logaggregator.publisher.impl.KafkaLogPublisher - Log message Sent to topic: logs -- message: [order] 2025-05-23T21:04:34.115522 [INFO] (order) Nisi optio omnis praesentium corrupti pariatur. -- (partition=2, offset=64)
2025-05-23 21:04:34.153 [kafka-producer-network-thread | producer-1] INFO  com.tahakamil.kafka.logaggregator.publisher.impl.KafkaLogPublisher - Log message Sent to topic: logs -- message: [order] 2025-05-23T21:04:34.115700 [INFO] (order) Cupiditate non soluta porro similique iure quibusdam. -- (partition=2, offset=65)
2025-05-23 21:04:34.153 [kafka-producer-network-thread | producer-1] INFO  com.tahakamil.kafka.logaggregator.publisher.impl.KafkaLogPublisher - Log message Sent to topic: logs -- message: [order] 2025-05-23T21:04:34.123329 [INFO] (order) Eum ex perspiciatis nostrum ut. -- (partition=2, offset=66)
2025-05-23 21:04:34.154 [kafka-producer-network-thread | producer-1] INFO  com.tahakamil.kafka.logaggregator.publisher.impl.KafkaLogPublisher - Log message Sent to topic: logs -- message: [inventory] 2025-05-23T21:04:34.105124 [WARN] (inventory) Dolore nam quo ipsam labore eum sapiente. -- (partition=1, offset=23)
2025-05-23 21:04:34.155 [kafka-producer-network-thread | producer-1] INFO  com.tahakamil.kafka.logaggregator.publisher.impl.KafkaLogPublisher - Log message Sent to topic: logs -- message: [inventory] 2025-05-23T21:04:34.106755 [ERROR] (inventory) Exercitationem nulla fugit. -- (partition=1, offset=24)
2025-05-23 21:04:34.156 [kafka-producer-network-thread | producer-1] INFO  com.tahakamil.kafka.logaggregator.publisher.impl.KafkaLogPublisher - Log message Sent to topic: logs -- message: [auth] 2025-05-23T21:04:34.106990 [DEBUG] (auth) Nam nostrum aut alias quia. -- (partition=1, offset=25)
2025-05-23 21:04:34.157 [kafka-producer-network-thread | producer-1] INFO  com.tahakamil.kafka.logaggregator.publisher.impl.KafkaLogPublisher - Log message Sent to topic: logs -- message: [auth] 2025-05-23T21:04:34.109026 [WARN] (auth) Veniam perspiciatis dignissimos itaque qui hic exercitationem magni. -- (partition=1, offset=26)
2025-05-23 21:04:34.157 [kafka-producer-network-thread | producer-1] INFO  com.tahakamil.kafka.logaggregator.publisher.impl.KafkaLogPublisher - Log message Sent to topic: logs -- message: [auth] 2025-05-23T21:04:34.112344 [WARN] (auth) Neque error autem quasi in et ad. -- (partition=1, offset=27)
2025-05-23 21:04:34.157 [kafka-producer-network-thread | producer-1] INFO  com.tahakamil.kafka.logaggregator.publisher.impl.KafkaLogPublisher - Log message Sent to topic: logs -- message: [inventory] 2025-05-23T21:04:34.112525 [WARN] (inventory) In non hic quia sunt aut voluptates. -- (partition=1, offset=28)
2025-05-23 21:04:34.157 [kafka-producer-network-thread | producer-1] INFO  com.tahakamil.kafka.logaggregator.publisher.impl.KafkaLogPublisher - Log message Sent to topic: logs -- message: [auth] 2025-05-23T21:04:34.114459 [DEBUG] (auth) Autem voluptas repellendus omnis. -- (partition=1, offset=29)
2025-05-23 21:04:34.157 [kafka-producer-network-thread | producer-1] INFO  com.tahakamil.kafka.logaggregator.publisher.impl.KafkaLogPublisher - Log message Sent to topic: logs -- message: [auth] 2025-05-23T21:04:34.115136 [INFO] (auth) Quis similique quia dignissimos aspernatur vel modi quam. -- (partition=1, offset=30)
2025-05-23 21:04:34.157 [kafka-producer-network-thread | producer-1] INFO  com.tahakamil.kafka.logaggregator.publisher.impl.KafkaLogPublisher - Log message Sent to topic: logs -- message: [auth] 2025-05-23T21:04:34.115343 [INFO] (auth) Natus nobis delectus id expedita occaecati aut commodi. -- (partition=1, offset=31)
2025-05-23 21:04:34.157 [kafka-producer-network-thread | producer-1] INFO  com.tahakamil.kafka.logaggregator.publisher.impl.KafkaLogPublisher - Log message Sent to topic: logs -- message: [auth] 2025-05-23T21:04:34.116090 [ERROR] (auth) Vero ipsum architecto excepturi accusantium. -- (partition=1, offset=32)
2025-05-23 21:04:34.157 [kafka-producer-network-thread | producer-1] INFO  com.tahakamil.kafka.logaggregator.publisher.impl.KafkaLogPublisher - Log message Sent to topic: logs -- message: [inventory] 2025-05-23T21:04:34.120066 [INFO] (inventory) Ratione saepe fugit voluptate et harum molestias. -- (partition=1, offset=33)
2025-05-23 21:04:34.159 [main] DEBUG com.tahakamil.kafka.logaggregator.service.LogService - Published event #66: LogEvent(timestamp=2025-05-23T21:04:34.151131, service=order, level=DEBUG, message=Qui debitis praesentium.)
2025-05-23 21:04:34.161 [main] DEBUG com.tahakamil.kafka.logaggregator.service.LogService - Published event #67: LogEvent(timestamp=2025-05-23T21:04:34.160780, service=auth, level=DEBUG, message=Nostrum qui explicabo est molestiae suscipit consequatur qui.)
2025-05-23 21:04:34.161 [main] DEBUG com.tahakamil.kafka.logaggregator.service.LogService - Published event #68: LogEvent(timestamp=2025-05-23T21:04:34.161464, service=inventory, level=INFO, message=Quia maiores aut cum non id.)
2025-05-23 21:04:34.161 [main] DEBUG com.tahakamil.kafka.logaggregator.service.LogService - Published event #69: LogEvent(timestamp=2025-05-23T21:04:34.161675, service=order, level=WARN, message=Ut quo et aperiam sint eum placeat itaque.)
2025-05-23 21:04:34.162 [main] DEBUG com.tahakamil.kafka.logaggregator.service.LogService - Published event #70: LogEvent(timestamp=2025-05-23T21:04:34.161822, service=auth, level=WARN, message=Aliquid voluptate laboriosam atque nesciunt placeat id.)
2025-05-23 21:04:34.162 [kafka-producer-network-thread | producer-1] INFO  com.tahakamil.kafka.logaggregator.publisher.impl.KafkaLogPublisher - Log message Sent to topic: logs -- message: [payment] 2025-05-23T21:04:34.128034 [DEBUG] (payment) Ex ea quo commodi veritatis qui repudiandae. -- (partition=2, offset=67)
2025-05-23 21:04:34.162 [kafka-producer-network-thread | producer-1] INFO  com.tahakamil.kafka.logaggregator.publisher.impl.KafkaLogPublisher - Log message Sent to topic: logs -- message: [order] 2025-05-23T21:04:34.129817 [WARN] (order) Rerum amet quibusdam. -- (partition=2, offset=68)
2025-05-23 21:04:34.162 [kafka-producer-network-thread | producer-1] INFO  com.tahakamil.kafka.logaggregator.publisher.impl.KafkaLogPublisher - Log message Sent to topic: logs -- message: [order] 2025-05-23T21:04:34.134346 [DEBUG] (order) Dolores iure unde quasi ad. -- (partition=2, offset=69)
2025-05-23 21:04:34.162 [main] DEBUG com.tahakamil.kafka.logaggregator.service.LogService - Published event #71: LogEvent(timestamp=2025-05-23T21:04:34.162390, service=auth, level=ERROR, message=Aut rerum est ipsa atque repellendus facilis ea.)
2025-05-23 21:04:34.162 [kafka-producer-network-thread | producer-1] INFO  com.tahakamil.kafka.logaggregator.publisher.impl.KafkaLogPublisher - Log message Sent to topic: logs -- message: [inventory] 2025-05-23T21:04:34.133756 [INFO] (inventory) Non doloremque et ex similique. -- (partition=1, offset=34)
2025-05-23 21:04:34.162 [kafka-producer-network-thread | producer-1] INFO  com.tahakamil.kafka.logaggregator.publisher.impl.KafkaLogPublisher - Log message Sent to topic: logs -- message: [auth] 2025-05-23T21:04:34.135324 [DEBUG] (auth) Velit eum inventore. -- (partition=1, offset=35)
2025-05-23 21:04:34.162 [kafka-producer-network-thread | producer-1] INFO  com.tahakamil.kafka.logaggregator.publisher.impl.KafkaLogPublisher - Log message Sent to topic: logs -- message: [auth] 2025-05-23T21:04:34.136093 [WARN] (auth) Dolorem fugiat libero in sunt. -- (partition=1, offset=36)
2025-05-23 21:04:34.162 [kafka-producer-network-thread | producer-1] INFO  com.tahakamil.kafka.logaggregator.publisher.impl.KafkaLogPublisher - Log message Sent to topic: logs -- message: [auth] 2025-05-23T21:04:34.136325 [WARN] (auth) Voluptatem suscipit ut sed adipisci in veniam quis. -- (partition=1, offset=37)
2025-05-23 21:04:34.162 [kafka-producer-network-thread | producer-1] INFO  com.tahakamil.kafka.logaggregator.publisher.impl.KafkaLogPublisher - Log message Sent to topic: logs -- message: [auth] 2025-05-23T21:04:34.136548 [INFO] (auth) Animi consequuntur qui est. -- (partition=1, offset=38)
2025-05-23 21:04:34.163 [main] DEBUG com.tahakamil.kafka.logaggregator.service.LogService - Published event #72: LogEvent(timestamp=2025-05-23T21:04:34.162769, service=auth, level=ERROR, message=Vitae laudantium vel molestias.)
2025-05-23 21:04:34.163 [main] DEBUG com.tahakamil.kafka.logaggregator.service.LogService - Published event #73: LogEvent(timestamp=2025-05-23T21:04:34.163673, service=inventory, level=INFO, message=Rerum ea ut.)
2025-05-23 21:04:34.165 [kafka-producer-network-thread | producer-1] INFO  com.tahakamil.kafka.logaggregator.publisher.impl.KafkaLogPublisher - Log message Sent to topic: logs -- message: [payment] 2025-05-23T21:04:34.136696 [DEBUG] (payment) Iure nulla ad enim. -- (partition=2, offset=70)
2025-05-23 21:04:34.166 [main] DEBUG com.tahakamil.kafka.logaggregator.service.LogService - Published event #74: LogEvent(timestamp=2025-05-23T21:04:34.166472, service=inventory, level=ERROR, message=Natus qui at laudantium eveniet incidunt consequuntur itaque.)
2025-05-23 21:04:34.166 [kafka-producer-network-thread | producer-1] INFO  com.tahakamil.kafka.logaggregator.publisher.impl.KafkaLogPublisher - Log message Sent to topic: logs -- message: [inventory] 2025-05-23T21:04:34.137010 [DEBUG] (inventory) Omnis mollitia officiis sint officia doloribus dolorum. -- (partition=1, offset=39)
2025-05-23 21:04:34.174 [main] DEBUG com.tahakamil.kafka.logaggregator.service.LogService - Published event #75: LogEvent(timestamp=2025-05-23T21:04:34.169189, service=auth, level=INFO, message=Cum voluptates sit autem hic nobis ex.)
2025-05-23 21:04:34.177 [kafka-producer-network-thread | producer-1] INFO  com.tahakamil.kafka.logaggregator.publisher.impl.KafkaLogPublisher - Log message Sent to topic: logs -- message: [order] 2025-05-23T21:04:34.138649 [DEBUG] (order) Illo dolorem reiciendis sit nihil similique qui. -- (partition=2, offset=71)
2025-05-23 21:04:34.178 [kafka-producer-network-thread | producer-1] INFO  com.tahakamil.kafka.logaggregator.publisher.impl.KafkaLogPublisher - Log message Sent to topic: logs -- message: [order] 2025-05-23T21:04:34.140447 [INFO] (order) Nihil deleniti et dolorum qui sed repudiandae quis. -- (partition=2, offset=72)
2025-05-23 21:04:34.179 [kafka-producer-network-thread | producer-1] INFO  com.tahakamil.kafka.logaggregator.publisher.impl.KafkaLogPublisher - Log message Sent to topic: logs -- message: [auth] 2025-05-23T21:04:34.141239 [INFO] (auth) Expedita reprehenderit ut ipsam. -- (partition=1, offset=40)
2025-05-23 21:04:34.179 [main] DEBUG com.tahakamil.kafka.logaggregator.service.LogService - Published event #76: LogEvent(timestamp=2025-05-23T21:04:34.178489, service=payment, level=INFO, message=Labore rerum deleniti ut qui necessitatibus.)
2025-05-23 21:04:34.180 [main] DEBUG com.tahakamil.kafka.logaggregator.service.LogService - Published event #77: LogEvent(timestamp=2025-05-23T21:04:34.180039, service=inventory, level=INFO, message=Veritatis et expedita et.)
2025-05-23 21:04:34.180 [main] DEBUG com.tahakamil.kafka.logaggregator.service.LogService - Published event #78: LogEvent(timestamp=2025-05-23T21:04:34.180357, service=inventory, level=ERROR, message=Voluptatum dolorem dolore consequuntur.)
2025-05-23 21:04:34.181 [main] DEBUG com.tahakamil.kafka.logaggregator.service.LogService - Published event #79: LogEvent(timestamp=2025-05-23T21:04:34.180523, service=order, level=ERROR, message=Molestiae illum et nihil dignissimos soluta sit suscipit.)
2025-05-23 21:04:34.181 [kafka-producer-network-thread | producer-1] INFO  com.tahakamil.kafka.logaggregator.publisher.impl.KafkaLogPublisher - Log message Sent to topic: logs -- message: [inventory] 2025-05-23T21:04:34.143447 [INFO] (inventory) Voluptatem quaerat magnam possimus aut enim ut. -- (partition=1, offset=41)
2025-05-23 21:04:34.182 [main] DEBUG com.tahakamil.kafka.logaggregator.service.LogService - Published event #80: LogEvent(timestamp=2025-05-23T21:04:34.181198, service=order, level=ERROR, message=Soluta sed omnis quis labore et.)
2025-05-23 21:04:34.183 [main] DEBUG com.tahakamil.kafka.logaggregator.service.LogService - Published event #81: LogEvent(timestamp=2025-05-23T21:04:34.182447, service=order, level=INFO, message=Voluptate magnam velit vero totam consequatur.)
2025-05-23 21:04:34.185 [main] DEBUG com.tahakamil.kafka.logaggregator.service.LogService - Published event #82: LogEvent(timestamp=2025-05-23T21:04:34.183920, service=payment, level=WARN, message=Consequuntur qui minima quo.)
2025-05-23 21:04:34.185 [kafka-producer-network-thread | producer-1] INFO  com.tahakamil.kafka.logaggregator.publisher.impl.KafkaLogPublisher - Log message Sent to topic: logs -- message: [order] 2025-05-23T21:04:34.144362 [DEBUG] (order) Est error quis alias veniam distinctio harum velit. -- (partition=2, offset=73)
2025-05-23 21:04:34.186 [kafka-producer-network-thread | producer-1] INFO  com.tahakamil.kafka.logaggregator.publisher.impl.KafkaLogPublisher - Log message Sent to topic: logs -- message: [order] 2025-05-23T21:04:34.144668 [INFO] (order) Fuga minima eos voluptates animi enim. -- (partition=2, offset=74)
2025-05-23 21:04:34.186 [kafka-producer-network-thread | producer-1] INFO  com.tahakamil.kafka.logaggregator.publisher.impl.KafkaLogPublisher - Log message Sent to topic: logs -- message: [order] 2025-05-23T21:04:34.144871 [ERROR] (order) Quia ab repellendus qui voluptas consequuntur in non. -- (partition=2, offset=75)
2025-05-23 21:04:34.186 [kafka-producer-network-thread | producer-1] INFO  com.tahakamil.kafka.logaggregator.publisher.impl.KafkaLogPublisher - Log message Sent to topic: logs -- message: [order] 2025-05-23T21:04:34.145459 [INFO] (order) Aperiam quisquam quisquam vitae qui non. -- (partition=2, offset=76)
2025-05-23 21:04:34.187 [kafka-producer-network-thread | producer-1] INFO  com.tahakamil.kafka.logaggregator.publisher.impl.KafkaLogPublisher - Log message Sent to topic: logs -- message: [inventory] 2025-05-23T21:04:34.143904 [INFO] (inventory) Modi est alias eveniet qui doloremque aliquam. -- (partition=1, offset=42)
2025-05-23 21:04:34.187 [main] DEBUG com.tahakamil.kafka.logaggregator.service.LogService - Published event #83: LogEvent(timestamp=2025-05-23T21:04:34.186478, service=auth, level=DEBUG, message=Inventore quia quos ducimus repudiandae veritatis blanditiis error.)
2025-05-23 21:04:34.188 [kafka-producer-network-thread | producer-1] INFO  com.tahakamil.kafka.logaggregator.publisher.impl.KafkaLogPublisher - Log message Sent to topic: logs -- message: [auth] 2025-05-23T21:04:34.148913 [WARN] (auth) Voluptatum fugiat consequatur et odio. -- (partition=1, offset=43)
2025-05-23 21:04:34.188 [main] DEBUG com.tahakamil.kafka.logaggregator.service.LogService - Published event #84: LogEvent(timestamp=2025-05-23T21:04:34.188797, service=payment, level=INFO, message=Ipsam reiciendis quos dolorum est tempora architecto.)
2025-05-23 21:04:34.189 [main] DEBUG com.tahakamil.kafka.logaggregator.service.LogService - Published event #85: LogEvent(timestamp=2025-05-23T21:04:34.189002, service=order, level=INFO, message=Id atque et nihil a reprehenderit consequatur.)
2025-05-23 21:04:34.189 [main] DEBUG com.tahakamil.kafka.logaggregator.service.LogService - Published event #86: LogEvent(timestamp=2025-05-23T21:04:34.189461, service=payment, level=WARN, message=Aut laudantium saepe quis dolores impedit ab aut.)
2025-05-23 21:04:34.190 [main] DEBUG com.tahakamil.kafka.logaggregator.service.LogService - Published event #87: LogEvent(timestamp=2025-05-23T21:04:34.189934, service=inventory, level=WARN, message=Et voluptatem hic omnis.)
2025-05-23 21:04:34.192 [main] DEBUG com.tahakamil.kafka.logaggregator.service.LogService - Published event #88: LogEvent(timestamp=2025-05-23T21:04:34.190767, service=inventory, level=INFO, message=Numquam ea quibusdam sapiente dolores.)
2025-05-23 21:04:34.192 [main] DEBUG com.tahakamil.kafka.logaggregator.service.LogService - Published event #89: LogEvent(timestamp=2025-05-23T21:04:34.192358, service=payment, level=ERROR, message=Numquam autem eius.)
2025-05-23 21:04:34.192 [main] DEBUG com.tahakamil.kafka.logaggregator.service.LogService - Published event #90: LogEvent(timestamp=2025-05-23T21:04:34.192700, service=auth, level=DEBUG, message=Assumenda aut ut dolorem laborum alias.)
2025-05-23 21:04:34.192 [main] DEBUG com.tahakamil.kafka.logaggregator.service.LogService - Published event #91: LogEvent(timestamp=2025-05-23T21:04:34.192829, service=order, level=INFO, message=Saepe nobis incidunt autem voluptatem.)
2025-05-23 21:04:34.193 [kafka-producer-network-thread | producer-1] INFO  com.tahakamil.kafka.logaggregator.publisher.impl.KafkaLogPublisher - Log message Sent to topic: logs -- message: [order] 2025-05-23T21:04:34.151131 [DEBUG] (order) Qui debitis praesentium. -- (partition=2, offset=77)
2025-05-23 21:04:34.193 [main] DEBUG com.tahakamil.kafka.logaggregator.service.LogService - Published event #92: LogEvent(timestamp=2025-05-23T21:04:34.192937, service=payment, level=WARN, message=Qui nobis sint sint aliquid est rerum.)
2025-05-23 21:04:34.193 [kafka-producer-network-thread | producer-1] INFO  com.tahakamil.kafka.logaggregator.publisher.impl.KafkaLogPublisher - Log message Sent to topic: logs -- message: [order] 2025-05-23T21:04:34.161675 [WARN] (order) Ut quo et aperiam sint eum placeat itaque. -- (partition=2, offset=78)
2025-05-23 21:04:34.193 [kafka-producer-network-thread | producer-1] INFO  com.tahakamil.kafka.logaggregator.publisher.impl.KafkaLogPublisher - Log message Sent to topic: logs -- message: [auth] 2025-05-23T21:04:34.160780 [DEBUG] (auth) Nostrum qui explicabo est molestiae suscipit consequatur qui. -- (partition=1, offset=44)
2025-05-23 21:04:34.193 [main] DEBUG com.tahakamil.kafka.logaggregator.service.LogService - Published event #93: LogEvent(timestamp=2025-05-23T21:04:34.193601, service=order, level=WARN, message=Nihil ipsam possimus dolores quo labore optio sit.)
2025-05-23 21:04:34.193 [kafka-producer-network-thread | producer-1] INFO  com.tahakamil.kafka.logaggregator.publisher.impl.KafkaLogPublisher - Log message Sent to topic: logs -- message: [inventory] 2025-05-23T21:04:34.161464 [INFO] (inventory) Quia maiores aut cum non id. -- (partition=1, offset=45)
2025-05-23 21:04:34.193 [kafka-producer-network-thread | producer-1] INFO  com.tahakamil.kafka.logaggregator.publisher.impl.KafkaLogPublisher - Log message Sent to topic: logs -- message: [auth] 2025-05-23T21:04:34.161822 [WARN] (auth) Aliquid voluptate laboriosam atque nesciunt placeat id. -- (partition=1, offset=46)
2025-05-23 21:04:34.194 [main] DEBUG com.tahakamil.kafka.logaggregator.service.LogService - Published event #94: LogEvent(timestamp=2025-05-23T21:04:34.193865, service=payment, level=WARN, message=Incidunt consequatur qui sapiente quis dolorum dolores.)
2025-05-23 21:04:34.193 [kafka-producer-network-thread | producer-1] INFO  com.tahakamil.kafka.logaggregator.publisher.impl.KafkaLogPublisher - Log message Sent to topic: logs -- message: [auth] 2025-05-23T21:04:34.162390 [ERROR] (auth) Aut rerum est ipsa atque repellendus facilis ea. -- (partition=1, offset=47)
2025-05-23 21:04:34.194 [main] DEBUG com.tahakamil.kafka.logaggregator.service.LogService - Published event #95: LogEvent(timestamp=2025-05-23T21:04:34.194101, service=order, level=INFO, message=Ad iure itaque.)
2025-05-23 21:04:34.194 [kafka-producer-network-thread | producer-1] INFO  com.tahakamil.kafka.logaggregator.publisher.impl.KafkaLogPublisher - Log message Sent to topic: logs -- message: [auth] 2025-05-23T21:04:34.162769 [ERROR] (auth) Vitae laudantium vel molestias. -- (partition=1, offset=48)
2025-05-23 21:04:34.194 [main] DEBUG com.tahakamil.kafka.logaggregator.service.LogService - Published event #96: LogEvent(timestamp=2025-05-23T21:04:34.194256, service=auth, level=INFO, message=Veniam et voluptas eum non.)
2025-05-23 21:04:34.197 [main] DEBUG com.tahakamil.kafka.logaggregator.service.LogService - Published event #97: LogEvent(timestamp=2025-05-23T21:04:34.194894, service=inventory, level=WARN, message=Aperiam inventore sint.)
2025-05-23 21:04:34.198 [main] DEBUG com.tahakamil.kafka.logaggregator.service.LogService - Published event #98: LogEvent(timestamp=2025-05-23T21:04:34.197748, service=auth, level=DEBUG, message=Ipsam inventore eum incidunt animi esse dolor sed.)
2025-05-23 21:04:34.198 [main] DEBUG com.tahakamil.kafka.logaggregator.service.LogService - Published event #99: LogEvent(timestamp=2025-05-23T21:04:34.198696, service=auth, level=DEBUG, message=Quidem eum assumenda eum quod magnam quos temporibus.)
2025-05-23 21:04:34.200 [kafka-producer-network-thread | producer-1] INFO  com.tahakamil.kafka.logaggregator.publisher.impl.KafkaLogPublisher - Log message Sent to topic: logs -- message: [inventory] 2025-05-23T21:04:34.163673 [INFO] (inventory) Rerum ea ut. -- (partition=1, offset=49)
2025-05-23 21:04:34.201 [kafka-producer-network-thread | producer-1] INFO  com.tahakamil.kafka.logaggregator.publisher.impl.KafkaLogPublisher - Log message Sent to topic: logs -- message: [inventory] 2025-05-23T21:04:34.166472 [ERROR] (inventory) Natus qui at laudantium eveniet incidunt consequuntur itaque. -- (partition=1, offset=50)
2025-05-23 21:04:34.203 [kafka-producer-network-thread | producer-1] INFO  com.tahakamil.kafka.logaggregator.publisher.impl.KafkaLogPublisher - Log message Sent to topic: logs -- message: [payment] 2025-05-23T21:04:34.178489 [INFO] (payment) Labore rerum deleniti ut qui necessitatibus. -- (partition=2, offset=79)
2025-05-23 21:04:34.204 [kafka-producer-network-thread | producer-1] INFO  com.tahakamil.kafka.logaggregator.publisher.impl.KafkaLogPublisher - Log message Sent to topic: logs -- message: [auth] 2025-05-23T21:04:34.169189 [INFO] (auth) Cum voluptates sit autem hic nobis ex. -- (partition=1, offset=51)
2025-05-23 21:04:34.204 [kafka-producer-network-thread | producer-1] INFO  com.tahakamil.kafka.logaggregator.publisher.impl.KafkaLogPublisher - Log message Sent to topic: logs -- message: [inventory] 2025-05-23T21:04:34.180039 [INFO] (inventory) Veritatis et expedita et. -- (partition=1, offset=52)
2025-05-23 21:04:34.204 [kafka-producer-network-thread | producer-1] INFO  com.tahakamil.kafka.logaggregator.publisher.impl.KafkaLogPublisher - Log message Sent to topic: logs -- message: [order] 2025-05-23T21:04:34.180523 [ERROR] (order) Molestiae illum et nihil dignissimos soluta sit suscipit. -- (partition=2, offset=80)
2025-05-23 21:04:34.205 [kafka-producer-network-thread | producer-1] INFO  com.tahakamil.kafka.logaggregator.publisher.impl.KafkaLogPublisher - Log message Sent to topic: logs -- message: [order] 2025-05-23T21:04:34.181198 [ERROR] (order) Soluta sed omnis quis labore et. -- (partition=2, offset=81)
2025-05-23 21:04:34.205 [kafka-producer-network-thread | producer-1] INFO  com.tahakamil.kafka.logaggregator.publisher.impl.KafkaLogPublisher - Log message Sent to topic: logs -- message: [inventory] 2025-05-23T21:04:34.180357 [ERROR] (inventory) Voluptatum dolorem dolore consequuntur. -- (partition=1, offset=53)
2025-05-23 21:04:34.205 [kafka-producer-network-thread | producer-1] INFO  com.tahakamil.kafka.logaggregator.publisher.impl.KafkaLogPublisher - Log message Sent to topic: logs -- message: [order] 2025-05-23T21:04:34.182447 [INFO] (order) Voluptate magnam velit vero totam consequatur. -- (partition=2, offset=82)
2025-05-23 21:04:34.205 [kafka-producer-network-thread | producer-1] INFO  com.tahakamil.kafka.logaggregator.publisher.impl.KafkaLogPublisher - Log message Sent to topic: logs -- message: [payment] 2025-05-23T21:04:34.183920 [WARN] (payment) Consequuntur qui minima quo. -- (partition=2, offset=83)
2025-05-23 21:04:34.205 [kafka-producer-network-thread | producer-1] INFO  com.tahakamil.kafka.logaggregator.publisher.impl.KafkaLogPublisher - Log message Sent to topic: logs -- message: [payment] 2025-05-23T21:04:34.188797 [INFO] (payment) Ipsam reiciendis quos dolorum est tempora architecto. -- (partition=2, offset=84)
2025-05-23 21:04:34.205 [kafka-producer-network-thread | producer-1] INFO  com.tahakamil.kafka.logaggregator.publisher.impl.KafkaLogPublisher - Log message Sent to topic: logs -- message: [order] 2025-05-23T21:04:34.189002 [INFO] (order) Id atque et nihil a reprehenderit consequatur. -- (partition=2, offset=85)
2025-05-23 21:04:34.205 [kafka-producer-network-thread | producer-1] INFO  com.tahakamil.kafka.logaggregator.publisher.impl.KafkaLogPublisher - Log message Sent to topic: logs -- message: [payment] 2025-05-23T21:04:34.189461 [WARN] (payment) Aut laudantium saepe quis dolores impedit ab aut. -- (partition=2, offset=86)
2025-05-23 21:04:34.205 [kafka-producer-network-thread | producer-1] INFO  com.tahakamil.kafka.logaggregator.publisher.impl.KafkaLogPublisher - Log message Sent to topic: logs -- message: [auth] 2025-05-23T21:04:34.186478 [DEBUG] (auth) Inventore quia quos ducimus repudiandae veritatis blanditiis error. -- (partition=1, offset=54)
2025-05-23 21:04:34.208 [kafka-producer-network-thread | producer-1] INFO  com.tahakamil.kafka.logaggregator.publisher.impl.KafkaLogPublisher - Log message Sent to topic: logs -- message: [payment] 2025-05-23T21:04:34.192358 [ERROR] (payment) Numquam autem eius. -- (partition=2, offset=87)
2025-05-23 21:04:34.208 [kafka-producer-network-thread | producer-1] INFO  com.tahakamil.kafka.logaggregator.publisher.impl.KafkaLogPublisher - Log message Sent to topic: logs -- message: [order] 2025-05-23T21:04:34.192829 [INFO] (order) Saepe nobis incidunt autem voluptatem. -- (partition=2, offset=88)
2025-05-23 21:04:34.208 [kafka-producer-network-thread | producer-1] INFO  com.tahakamil.kafka.logaggregator.publisher.impl.KafkaLogPublisher - Log message Sent to topic: logs -- message: [payment] 2025-05-23T21:04:34.192937 [WARN] (payment) Qui nobis sint sint aliquid est rerum. -- (partition=2, offset=89)
2025-05-23 21:04:34.208 [kafka-producer-network-thread | producer-1] INFO  com.tahakamil.kafka.logaggregator.publisher.impl.KafkaLogPublisher - Log message Sent to topic: logs -- message: [order] 2025-05-23T21:04:34.193601 [WARN] (order) Nihil ipsam possimus dolores quo labore optio sit. -- (partition=2, offset=90)
2025-05-23 21:04:34.208 [kafka-producer-network-thread | producer-1] INFO  com.tahakamil.kafka.logaggregator.publisher.impl.KafkaLogPublisher - Log message Sent to topic: logs -- message: [payment] 2025-05-23T21:04:34.193865 [WARN] (payment) Incidunt consequatur qui sapiente quis dolorum dolores. -- (partition=2, offset=91)
2025-05-23 21:04:34.208 [kafka-producer-network-thread | producer-1] INFO  com.tahakamil.kafka.logaggregator.publisher.impl.KafkaLogPublisher - Log message Sent to topic: logs -- message: [order] 2025-05-23T21:04:34.194101 [INFO] (order) Ad iure itaque. -- (partition=2, offset=92)
2025-05-23 21:04:34.209 [kafka-producer-network-thread | producer-1] INFO  com.tahakamil.kafka.logaggregator.publisher.impl.KafkaLogPublisher - Log message Sent to topic: logs -- message: [inventory] 2025-05-23T21:04:34.189934 [WARN] (inventory) Et voluptatem hic omnis. -- (partition=1, offset=55)
2025-05-23 21:04:34.212 [kafka-producer-network-thread | producer-1] INFO  com.tahakamil.kafka.logaggregator.publisher.impl.KafkaLogPublisher - Log message Sent to topic: logs -- message: [inventory] 2025-05-23T21:04:34.190767 [INFO] (inventory) Numquam ea quibusdam sapiente dolores. -- (partition=1, offset=56)
2025-05-23 21:04:34.213 [kafka-producer-network-thread | producer-1] INFO  com.tahakamil.kafka.logaggregator.publisher.impl.KafkaLogPublisher - Log message Sent to topic: logs -- message: [auth] 2025-05-23T21:04:34.192700 [DEBUG] (auth) Assumenda aut ut dolorem laborum alias. -- (partition=1, offset=57)
2025-05-23 21:04:34.213 [kafka-producer-network-thread | producer-1] INFO  com.tahakamil.kafka.logaggregator.publisher.impl.KafkaLogPublisher - Log message Sent to topic: logs -- message: [auth] 2025-05-23T21:04:34.194256 [INFO] (auth) Veniam et voluptas eum non. -- (partition=1, offset=58)
2025-05-23 21:04:34.213 [kafka-producer-network-thread | producer-1] INFO  com.tahakamil.kafka.logaggregator.publisher.impl.KafkaLogPublisher - Log message Sent to topic: logs -- message: [inventory] 2025-05-23T21:04:34.194894 [WARN] (inventory) Aperiam inventore sint. -- (partition=1, offset=59)
2025-05-23 21:04:34.214 [kafka-producer-network-thread | producer-1] INFO  com.tahakamil.kafka.logaggregator.publisher.impl.KafkaLogPublisher - Log message Sent to topic: logs -- message: [auth] 2025-05-23T21:04:34.197748 [DEBUG] (auth) Ipsam inventore eum incidunt animi esse dolor sed. -- (partition=1, offset=60)
2025-05-23 21:04:34.214 [kafka-producer-network-thread | producer-1] INFO  com.tahakamil.kafka.logaggregator.publisher.impl.KafkaLogPublisher - Log message Sent to topic: logs -- message: [auth] 2025-05-23T21:04:34.198696 [DEBUG] (auth) Quidem eum assumenda eum quod magnam quos temporibus. -- (partition=1, offset=61)
