2025-05-21 12:50:48.901 [main] INFO  com.tahakamil.kafka.logaggregator.LogProducer - this is logging information ... 2025-05-21T12:50:48.900460
2025-05-21 12:50:48.904 [main] DEBUG com.tahakamil.kafka.logaggregator.LogProducer - this is debugging ... 2025-05-21T12:50:48.904490
2025-05-21 14:24:57.209 [main] INFO  com.tahakamil.kafka.logaggregator.LogProducer - Reading KafkaConfig Properties: KafkaProperties{bootstrapServers='localhost:9092', topic='logs'}
2025-05-21 14:25:51.393 [main] INFO  com.tahakamil.kafka.logaggregator.LogProducer - Reading KafkaConfig Properties: KafkaProperties{bootstrapServers='localhost:9092', topic='logs'}
2025-05-21 14:26:47.275 [main] INFO  com.tahakamil.kafka.logaggregator.LogProducer - Reading KafkaConfig Properties: KafkaProperties{bootstrapServers='localhost:9092', topic='logs'}
2025-05-21 14:43:51.052 [main] INFO  com.tahakamil.kafka.logaggregator.LogProducer - Starting LogProducer to topic 'logs'
2025-05-21 14:45:44.039 [main] INFO  com.tahakamil.kafka.logaggregator.LogProducer - Starting LogProducer to topic 'logs'
2025-05-21 14:45:45.001 [kafka-producer-network-thread | producer-1] INFO  com.tahakamil.kafka.logaggregator.LogProducer - Sent: [service-A] -> Log message #1 from service-A | partition=2 offset=0
2025-05-21 14:45:45.001 [kafka-producer-network-thread | producer-1] INFO  com.tahakamil.kafka.logaggregator.LogProducer - Sent: [service-A] -> Log message #2 from service-A | partition=2 offset=1
2025-05-21 14:45:45.001 [kafka-producer-network-thread | producer-1] INFO  com.tahakamil.kafka.logaggregator.LogProducer - Sent: [service-A] -> Log message #3 from service-A | partition=2 offset=2
2025-05-21 14:45:45.001 [kafka-producer-network-thread | producer-1] INFO  com.tahakamil.kafka.logaggregator.LogProducer - Sent: [service-A] -> Log message #4 from service-A | partition=2 offset=3
2025-05-21 14:45:45.001 [kafka-producer-network-thread | producer-1] INFO  com.tahakamil.kafka.logaggregator.LogProducer - Sent: [service-A] -> Log message #5 from service-A | partition=2 offset=4
2025-05-21 14:45:45.001 [kafka-producer-network-thread | producer-1] INFO  com.tahakamil.kafka.logaggregator.LogProducer - Sent: [service-A] -> Log message #6 from service-A | partition=2 offset=5
2025-05-21 14:45:45.001 [kafka-producer-network-thread | producer-1] INFO  com.tahakamil.kafka.logaggregator.LogProducer - Sent: [service-A] -> Log message #7 from service-A | partition=2 offset=6
2025-05-21 14:45:45.001 [kafka-producer-network-thread | producer-1] INFO  com.tahakamil.kafka.logaggregator.LogProducer - Sent: [service-A] -> Log message #8 from service-A | partition=2 offset=7
2025-05-21 14:45:45.001 [kafka-producer-network-thread | producer-1] INFO  com.tahakamil.kafka.logaggregator.LogProducer - Sent: [service-A] -> Log message #9 from service-A | partition=2 offset=8
2025-05-21 14:45:45.002 [kafka-producer-network-thread | producer-1] INFO  com.tahakamil.kafka.logaggregator.LogProducer - Sent: [service-A] -> Log message #10 from service-A | partition=2 offset=9
2025-05-21 14:45:45.035 [main] INFO  com.tahakamil.kafka.logaggregator.LogProducer - LogProducer finished and shut down.
2025-05-21 14:46:56.845 [main] INFO  com.tahakamil.kafka.logaggregator.LogProducer - Starting LogProducer to topic 'logs'
2025-05-21 14:46:57.728 [kafka-producer-network-thread | producer-1] INFO  com.tahakamil.kafka.logaggregator.LogProducer - Sent: [service-A] -> Log message #1 from service-A V2 | partition=2 offset=10
2025-05-21 14:46:57.729 [kafka-producer-network-thread | producer-1] INFO  com.tahakamil.kafka.logaggregator.LogProducer - Sent: [service-A] -> Log message #2 from service-A V2 | partition=2 offset=11
2025-05-21 14:46:57.729 [kafka-producer-network-thread | producer-1] INFO  com.tahakamil.kafka.logaggregator.LogProducer - Sent: [service-A] -> Log message #3 from service-A V2 | partition=2 offset=12
2025-05-21 14:46:57.729 [kafka-producer-network-thread | producer-1] INFO  com.tahakamil.kafka.logaggregator.LogProducer - Sent: [service-A] -> Log message #4 from service-A V2 | partition=2 offset=13
2025-05-21 14:46:57.729 [kafka-producer-network-thread | producer-1] INFO  com.tahakamil.kafka.logaggregator.LogProducer - Sent: [service-A] -> Log message #5 from service-A V2 | partition=2 offset=14
2025-05-21 14:46:57.729 [kafka-producer-network-thread | producer-1] INFO  com.tahakamil.kafka.logaggregator.LogProducer - Sent: [service-A] -> Log message #6 from service-A V2 | partition=2 offset=15
2025-05-21 14:46:57.729 [kafka-producer-network-thread | producer-1] INFO  com.tahakamil.kafka.logaggregator.LogProducer - Sent: [service-A] -> Log message #7 from service-A V2 | partition=2 offset=16
2025-05-21 14:46:57.729 [kafka-producer-network-thread | producer-1] INFO  com.tahakamil.kafka.logaggregator.LogProducer - Sent: [service-A] -> Log message #8 from service-A V2 | partition=2 offset=17
2025-05-21 14:46:57.729 [kafka-producer-network-thread | producer-1] INFO  com.tahakamil.kafka.logaggregator.LogProducer - Sent: [service-A] -> Log message #9 from service-A V2 | partition=2 offset=18
2025-05-21 14:46:57.730 [kafka-producer-network-thread | producer-1] INFO  com.tahakamil.kafka.logaggregator.LogProducer - Sent: [service-A] -> Log message #10 from service-A V2 | partition=2 offset=19
2025-05-21 14:46:57.765 [main] INFO  com.tahakamil.kafka.logaggregator.LogProducer - LogProducer finished and shut down.
2025-05-21 23:32:53.827 [main] INFO  com.tahakamil.kafka.logaggregator.LogProducer - Starting LogProducer to topic 'logs'
2025-05-21 23:34:54.583 [kafka-producer-network-thread | producer-1] ERROR com.tahakamil.kafka.logaggregator.LogProducer - Failed to send log message
org.apache.kafka.common.errors.TimeoutException: Expiring 10 record(s) for logs-2:120001 ms has passed since batch creation
2025-05-21 23:34:54.594 [kafka-producer-network-thread | producer-1] ERROR com.tahakamil.kafka.logaggregator.LogProducer - Failed to send log message
org.apache.kafka.common.errors.TimeoutException: Expiring 10 record(s) for logs-2:120001 ms has passed since batch creation
2025-05-21 23:34:54.594 [kafka-producer-network-thread | producer-1] ERROR com.tahakamil.kafka.logaggregator.LogProducer - Failed to send log message
org.apache.kafka.common.errors.TimeoutException: Expiring 10 record(s) for logs-2:120001 ms has passed since batch creation
2025-05-21 23:34:54.595 [kafka-producer-network-thread | producer-1] ERROR com.tahakamil.kafka.logaggregator.LogProducer - Failed to send log message
org.apache.kafka.common.errors.TimeoutException: Expiring 10 record(s) for logs-2:120001 ms has passed since batch creation
2025-05-21 23:34:54.595 [kafka-producer-network-thread | producer-1] ERROR com.tahakamil.kafka.logaggregator.LogProducer - Failed to send log message
org.apache.kafka.common.errors.TimeoutException: Expiring 10 record(s) for logs-2:120001 ms has passed since batch creation
2025-05-21 23:34:54.595 [kafka-producer-network-thread | producer-1] ERROR com.tahakamil.kafka.logaggregator.LogProducer - Failed to send log message
org.apache.kafka.common.errors.TimeoutException: Expiring 10 record(s) for logs-2:120001 ms has passed since batch creation
2025-05-21 23:34:54.595 [kafka-producer-network-thread | producer-1] ERROR com.tahakamil.kafka.logaggregator.LogProducer - Failed to send log message
org.apache.kafka.common.errors.TimeoutException: Expiring 10 record(s) for logs-2:120001 ms has passed since batch creation
2025-05-21 23:34:54.595 [kafka-producer-network-thread | producer-1] ERROR com.tahakamil.kafka.logaggregator.LogProducer - Failed to send log message
org.apache.kafka.common.errors.TimeoutException: Expiring 10 record(s) for logs-2:120001 ms has passed since batch creation
2025-05-21 23:34:54.595 [kafka-producer-network-thread | producer-1] ERROR com.tahakamil.kafka.logaggregator.LogProducer - Failed to send log message
org.apache.kafka.common.errors.TimeoutException: Expiring 10 record(s) for logs-2:120001 ms has passed since batch creation
2025-05-21 23:34:54.595 [kafka-producer-network-thread | producer-1] ERROR com.tahakamil.kafka.logaggregator.LogProducer - Failed to send log message
org.apache.kafka.common.errors.TimeoutException: Expiring 10 record(s) for logs-2:120001 ms has passed since batch creation
2025-05-21 23:34:54.651 [main] INFO  com.tahakamil.kafka.logaggregator.LogProducer - LogProducer finished and shut down.
2025-05-21 23:38:07.998 [main] INFO  com.tahakamil.kafka.logaggregator.LogProducer - Starting LogProducer to topic 'logs'
2025-05-21 23:38:08.922 [kafka-producer-network-thread | producer-1] INFO  com.tahakamil.kafka.logaggregator.LogProducer - Sent: [service-A] -> 2025-05-21T22:38:08.331457Z [DEBUG] (order) Rerum sunt adipisci. | partition=2 offset=20
2025-05-21 23:38:08.922 [kafka-producer-network-thread | producer-1] INFO  com.tahakamil.kafka.logaggregator.LogProducer - Sent: [service-A] -> 2025-05-21T22:38:08.751404Z [INFO] (inventory) Aut recusandae mollitia odit. | partition=2 offset=21
2025-05-21 23:38:08.922 [kafka-producer-network-thread | producer-1] INFO  com.tahakamil.kafka.logaggregator.LogProducer - Sent: [service-A] -> 2025-05-21T22:38:08.752929Z [ERROR] (inventory) Quia cupiditate consequuntur ducimus saepe. | partition=2 offset=22
2025-05-21 23:38:08.922 [kafka-producer-network-thread | producer-1] INFO  com.tahakamil.kafka.logaggregator.LogProducer - Sent: [service-A] -> 2025-05-21T22:38:08.753585Z [INFO] (payment) Iure soluta nulla veniam est nisi. | partition=2 offset=23
2025-05-21 23:38:08.922 [kafka-producer-network-thread | producer-1] INFO  com.tahakamil.kafka.logaggregator.LogProducer - Sent: [service-A] -> 2025-05-21T22:38:08.753831Z [DEBUG] (payment) Assumenda fugiat natus repellendus vel sapiente eveniet. | partition=2 offset=24
2025-05-21 23:38:08.922 [kafka-producer-network-thread | producer-1] INFO  com.tahakamil.kafka.logaggregator.LogProducer - Sent: [service-A] -> 2025-05-21T22:38:08.754033Z [INFO] (order) Voluptas dolorem qui non consequatur repellendus. | partition=2 offset=25
2025-05-21 23:38:08.922 [kafka-producer-network-thread | producer-1] INFO  com.tahakamil.kafka.logaggregator.LogProducer - Sent: [service-A] -> 2025-05-21T22:38:08.754395Z [ERROR] (auth) Et repudiandae ea repellendus fugiat fugit. | partition=2 offset=26
2025-05-21 23:38:08.922 [kafka-producer-network-thread | producer-1] INFO  com.tahakamil.kafka.logaggregator.LogProducer - Sent: [service-A] -> 2025-05-21T22:38:08.754765Z [WARN] (payment) Quia totam odit nam adipisci tempora. | partition=2 offset=27
2025-05-21 23:38:08.922 [kafka-producer-network-thread | producer-1] INFO  com.tahakamil.kafka.logaggregator.LogProducer - Sent: [service-A] -> 2025-05-21T22:38:08.756031Z [DEBUG] (order) Sed vel molestiae est quidem rerum eum. | partition=2 offset=28
2025-05-21 23:38:08.922 [kafka-producer-network-thread | producer-1] INFO  com.tahakamil.kafka.logaggregator.LogProducer - Sent: [service-A] -> 2025-05-21T22:38:08.756784Z [WARN] (auth) Rerum officiis tempora dolor. | partition=2 offset=29
2025-05-21 23:38:08.951 [main] INFO  com.tahakamil.kafka.logaggregator.LogProducer - LogProducer finished and shut down.
2025-05-21 23:48:40.334 [main] INFO  com.tahakamil.kafka.logaggregator.LogProducer - Starting LogProducer to topic 'logs'
2025-05-21 23:48:41.116 [kafka-producer-network-thread | producer-1] INFO  com.tahakamil.kafka.logaggregator.LogProducer - Sent: [service-A] -> 2025-05-21T22:48:40.636553Z [INFO] (auth) James Gosling | partition=2 offset=30
2025-05-21 23:48:41.117 [kafka-producer-network-thread | producer-1] INFO  com.tahakamil.kafka.logaggregator.LogProducer - Sent: [service-A] -> 2025-05-21T22:48:41.038730Z [DEBUG] (inventory) Martin Odersky | partition=2 offset=31
2025-05-21 23:48:41.117 [kafka-producer-network-thread | producer-1] INFO  com.tahakamil.kafka.logaggregator.LogProducer - Sent: [service-A] -> 2025-05-21T22:48:41.039965Z [WARN] (payment) Bjarne Stroustrup | partition=2 offset=32
2025-05-21 23:48:41.117 [kafka-producer-network-thread | producer-1] INFO  com.tahakamil.kafka.logaggregator.LogProducer - Sent: [service-A] -> 2025-05-21T22:48:41.042575Z [INFO] (inventory) John McCarthy | partition=2 offset=33
2025-05-21 23:48:41.117 [kafka-producer-network-thread | producer-1] INFO  com.tahakamil.kafka.logaggregator.LogProducer - Sent: [service-A] -> 2025-05-21T22:48:41.044466Z [INFO] (payment) Don Syme | partition=2 offset=34
2025-05-21 23:48:41.117 [kafka-producer-network-thread | producer-1] INFO  com.tahakamil.kafka.logaggregator.LogProducer - Sent: [service-A] -> 2025-05-21T22:48:41.045Z [ERROR] (order) Chris Lattner | partition=2 offset=35
2025-05-21 23:48:41.117 [kafka-producer-network-thread | producer-1] INFO  com.tahakamil.kafka.logaggregator.LogProducer - Sent: [service-A] -> 2025-05-21T22:48:41.045520Z [INFO] (order) Dan Ingalls | partition=2 offset=36
2025-05-21 23:48:41.117 [kafka-producer-network-thread | producer-1] INFO  com.tahakamil.kafka.logaggregator.LogProducer - Sent: [service-A] -> 2025-05-21T22:48:41.046079Z [DEBUG] (payment) Alain Colmerauer | partition=2 offset=37
2025-05-21 23:48:41.117 [kafka-producer-network-thread | producer-1] INFO  com.tahakamil.kafka.logaggregator.LogProducer - Sent: [service-A] -> 2025-05-21T22:48:41.046849Z [ERROR] (payment) Anders Hejlsberg | partition=2 offset=38
2025-05-21 23:48:41.117 [kafka-producer-network-thread | producer-1] INFO  com.tahakamil.kafka.logaggregator.LogProducer - Sent: [service-A] -> 2025-05-21T22:48:41.047343Z [INFO] (order) Philip Wadler | partition=2 offset=39
2025-05-21 23:48:41.151 [main] INFO  com.tahakamil.kafka.logaggregator.LogProducer - LogProducer finished and shut down.
